<?xml version="1.0" encoding="UTF-8"?>
<testng-results skipped="0" failed="0" ignored="0" total="1" passed="1">
  <reporter-output>
  </reporter-output>
  <suite name="Default suite" duration-ms="9159" started-at="2018-10-14T11:13:31Z" finished-at="2018-10-14T11:13:40Z">
    <groups>
    </groups>
    <test name="Default test" duration-ms="9159" started-at="2018-10-14T11:13:31Z" finished-at="2018-10-14T11:13:40Z">
      <class name="API_Test_Cases.Create_Issue_With_Valid_Session_Id">
        <test-method status="PASS" signature="setup()[pri:0, instance:API_Test_Cases.Create_Issue_With_Valid_Session_Id@31ef45e3]" name="setup" is-config="true" duration-ms="37" started-at="2018-10-14T11:13:31Z" finished-at="2018-10-14T11:13:31Z">
          <reporter-output>
          </reporter-output>
        </test-method> <!-- setup -->
        <test-method status="PASS" signature="Delete_Created_Issue()[pri:0, instance:API_Test_Cases.Create_Issue_With_Valid_Session_Id@31ef45e3]" name="Delete_Created_Issue" duration-ms="9083" started-at="2018-10-14T11:13:31Z" description="Delete the newly created Issue/bug in Jira using delete request" finished-at="2018-10-14T11:13:40Z">
          <reporter-output>
          </reporter-output>
        </test-method> <!-- Delete_Created_Issue -->
      </class> <!-- API_Test_Cases.Create_Issue_With_Valid_Session_Id -->
    </test> <!-- Default test -->
  </suite> <!-- Default suite -->
</testng-results>
